<?xml version="1.0" encoding="UTF-8"?>
<testsuite name="FindAnimalTest$FindDuplicateTests" tests="4" skipped="0" failures="0" errors="0" timestamp="2024-01-31T16:48:10" hostname="DESKTOP-Q2L74RK" time="0.01">
  <properties/>
  <testcase name="РџРµСЂРµРґР°С‡Р° null РІ РїР°СЂР°РјРµС‚СЂ" classname="FindAnimalTest$FindDuplicateTests" time="0.002"/>
  <testcase name="РџРµСЂРµРґР°С‡Р° РїСѓСЃС‚РѕРіРѕ СЃРїРёСЃРєР°" classname="FindAnimalTest$FindDuplicateTests" time="0.001"/>
  <testcase name="РџРµСЂРµРґР°С‡Р° СЃРїРёСЃРєР° СЃ РґСѓР±Р»РёРєР°С‚Р°РјРё" classname="FindAnimalTest$FindDuplicateTests" time="0.002"/>
  <testcase name="РџРµСЂРµРґР°С‡Р° СЃРїРёСЃРєР° Р±РµР· РґСѓР±Р»РёРєР°С‚РѕРІ" classname="FindAnimalTest$FindDuplicateTests" time="0.001"/>
  <system-out><![CDATA[]]></system-out>
  <system-err><![CDATA[]]></system-err>
</testsuite>
